<?xml version="1.0" encoding="UTF-8"?>
<!-- Generated by org.testng.reporters.JUnitReportReporter -->
<testsuite skipped="0" hostname="AmitPC" name="com.app.GetData.Demo_2" tests="3" failures="0" timestamp="01 Sep 2020 13:11:52 GMT" time="23.620" errors="0">
  <testcase name="launchbrower" time="13.638" classname="com.app.GetData.Demo_2"/>
  <testcase name="login" time="9.236" classname="com.app.GetData.Demo_2"/>
  <testcase name="close" time="0.746" classname="com.app.GetData.Demo_2"/>
</testsuite> <!-- com.app.GetData.Demo_2 -->
