<?xml version="1.0" encoding="UTF-8"?>
<!-- Generated by org.testng.reporters.JUnitReportReporter -->
<testsuite skipped="0" hostname="AmitPC" name="com.app.test.LoginTest_1" tests="1" failures="0" timestamp="07 Jan 2021 17:53:13 GMT" time="21.890" errors="0">
  <testcase name="set" time="21.890" classname="com.app.test.LoginTest_1"/>
</testsuite> <!-- com.app.test.LoginTest_1 -->
