<?xml version="1.0" encoding="UTF-8"?>
<!-- Generated by org.testng.reporters.JUnitReportReporter -->
<testsuite skipped="46" hostname="AmitPC" name="com.app.Add_Customer_And_Recurring_Order_Through_Excel" tests="46" failures="0" timestamp="15 Jun 2020 09:18:42 GMT" time="0.000" errors="0">
  <testcase name="set" time="0.000" classname="com.app.Add_Customer_And_Recurring_Order_Through_Excel">
    <skipped/>
  </testcase> <!-- set -->
  <testcase name="login" time="0.000" classname="com.app.Add_Customer_And_Recurring_Order_Through_Excel">
    <skipped/>
  </testcase> <!-- login -->
  <testcase name="addCustomerAndRecurringThroughExcel" time="0.000" classname="com.app.Add_Customer_And_Recurring_Order_Through_Excel">
    <skipped/>
  </testcase> <!-- addCustomerAndRecurringThroughExcel -->
  <testcase name="addCustomerAndRecurringThroughExcel" time="0.000" classname="com.app.Add_Customer_And_Recurring_Order_Through_Excel">
    <skipped/>
  </testcase> <!-- addCustomerAndRecurringThroughExcel -->
  <testcase name="addCustomerAndRecurringThroughExcel" time="0.000" classname="com.app.Add_Customer_And_Recurring_Order_Through_Excel">
    <skipped/>
  </testcase> <!-- addCustomerAndRecurringThroughExcel -->
  <testcase name="addCustomerAndRecurringThroughExcel" time="0.000" classname="com.app.Add_Customer_And_Recurring_Order_Through_Excel">
    <skipped/>
  </testcase> <!-- addCustomerAndRecurringThroughExcel -->
  <testcase name="addCustomerAndRecurringThroughExcel" time="0.000" classname="com.app.Add_Customer_And_Recurring_Order_Through_Excel">
    <skipped/>
  </testcase> <!-- addCustomerAndRecurringThroughExcel -->
  <testcase name="addCustomerAndRecurringThroughExcel" time="0.000" classname="com.app.Add_Customer_And_Recurring_Order_Through_Excel">
    <skipped/>
  </testcase> <!-- addCustomerAndRecurringThroughExcel -->
  <testcase name="addCustomerAndRecurringThroughExcel" time="0.000" classname="com.app.Add_Customer_And_Recurring_Order_Through_Excel">
    <skipped/>
  </testcase> <!-- addCustomerAndRecurringThroughExcel -->
  <testcase name="addCustomerAndRecurringThroughExcel" time="0.000" classname="com.app.Add_Customer_And_Recurring_Order_Through_Excel">
    <skipped/>
  </testcase> <!-- addCustomerAndRecurringThroughExcel -->
  <testcase name="addCustomerAndRecurringThroughExcel" time="0.000" classname="com.app.Add_Customer_And_Recurring_Order_Through_Excel">
    <skipped/>
  </testcase> <!-- addCustomerAndRecurringThroughExcel -->
  <testcase name="addCustomerAndRecurringThroughExcel" time="0.000" classname="com.app.Add_Customer_And_Recurring_Order_Through_Excel">
    <skipped/>
  </testcase> <!-- addCustomerAndRecurringThroughExcel -->
  <testcase name="addCustomerAndRecurringThroughExcel" time="0.000" classname="com.app.Add_Customer_And_Recurring_Order_Through_Excel">
    <skipped/>
  </testcase> <!-- addCustomerAndRecurringThroughExcel -->
  <testcase name="addCustomerAndRecurringThroughExcel" time="0.000" classname="com.app.Add_Customer_And_Recurring_Order_Through_Excel">
    <skipped/>
  </testcase> <!-- addCustomerAndRecurringThroughExcel -->
  <testcase name="addCustomerAndRecurringThroughExcel" time="0.000" classname="com.app.Add_Customer_And_Recurring_Order_Through_Excel">
    <skipped/>
  </testcase> <!-- addCustomerAndRecurringThroughExcel -->
  <testcase name="addCustomerAndRecurringThroughExcel" time="0.000" classname="com.app.Add_Customer_And_Recurring_Order_Through_Excel">
    <skipped/>
  </testcase> <!-- addCustomerAndRecurringThroughExcel -->
  <testcase name="addCustomerAndRecurringThroughExcel" time="0.000" classname="com.app.Add_Customer_And_Recurring_Order_Through_Excel">
    <skipped/>
  </testcase> <!-- addCustomerAndRecurringThroughExcel -->
  <testcase name="addCustomerAndRecurringThroughExcel" time="0.000" classname="com.app.Add_Customer_And_Recurring_Order_Through_Excel">
    <skipped/>
  </testcase> <!-- addCustomerAndRecurringThroughExcel -->
  <testcase name="addCustomerAndRecurringThroughExcel" time="0.000" classname="com.app.Add_Customer_And_Recurring_Order_Through_Excel">
    <skipped/>
  </testcase> <!-- addCustomerAndRecurringThroughExcel -->
  <testcase name="addCustomerAndRecurringThroughExcel" time="0.000" classname="com.app.Add_Customer_And_Recurring_Order_Through_Excel">
    <skipped/>
  </testcase> <!-- addCustomerAndRecurringThroughExcel -->
  <testcase name="addCustomerAndRecurringThroughExcel" time="0.000" classname="com.app.Add_Customer_And_Recurring_Order_Through_Excel">
    <skipped/>
  </testcase> <!-- addCustomerAndRecurringThroughExcel -->
  <testcase name="addCustomerAndRecurringThroughExcel" time="0.000" classname="com.app.Add_Customer_And_Recurring_Order_Through_Excel">
    <skipped/>
  </testcase> <!-- addCustomerAndRecurringThroughExcel -->
  <testcase name="addCustomerAndRecurringThroughExcel" time="0.000" classname="com.app.Add_Customer_And_Recurring_Order_Through_Excel">
    <skipped/>
  </testcase> <!-- addCustomerAndRecurringThroughExcel -->
  <testcase name="addCustomerAndRecurringThroughExcel" time="0.000" classname="com.app.Add_Customer_And_Recurring_Order_Through_Excel">
    <skipped/>
  </testcase> <!-- addCustomerAndRecurringThroughExcel -->
  <testcase name="addCustomerAndRecurringThroughExcel" time="0.000" classname="com.app.Add_Customer_And_Recurring_Order_Through_Excel">
    <skipped/>
  </testcase> <!-- addCustomerAndRecurringThroughExcel -->
  <testcase name="addCustomerAndRecurringThroughExcel" time="0.000" classname="com.app.Add_Customer_And_Recurring_Order_Through_Excel">
    <skipped/>
  </testcase> <!-- addCustomerAndRecurringThroughExcel -->
  <testcase name="addCustomerAndRecurringThroughExcel" time="0.000" classname="com.app.Add_Customer_And_Recurring_Order_Through_Excel">
    <skipped/>
  </testcase> <!-- addCustomerAndRecurringThroughExcel -->
  <testcase name="addCustomerAndRecurringThroughExcel" time="0.000" classname="com.app.Add_Customer_And_Recurring_Order_Through_Excel">
    <skipped/>
  </testcase> <!-- addCustomerAndRecurringThroughExcel -->
  <testcase name="addCustomerAndRecurringThroughExcel" time="0.000" classname="com.app.Add_Customer_And_Recurring_Order_Through_Excel">
    <skipped/>
  </testcase> <!-- addCustomerAndRecurringThroughExcel -->
  <testcase name="addCustomerAndRecurringThroughExcel" time="0.000" classname="com.app.Add_Customer_And_Recurring_Order_Through_Excel">
    <skipped/>
  </testcase> <!-- addCustomerAndRecurringThroughExcel -->
  <testcase name="addCustomerAndRecurringThroughExcel" time="0.000" classname="com.app.Add_Customer_And_Recurring_Order_Through_Excel">
    <skipped/>
  </testcase> <!-- addCustomerAndRecurringThroughExcel -->
  <testcase name="addCustomerAndRecurringThroughExcel" time="0.000" classname="com.app.Add_Customer_And_Recurring_Order_Through_Excel">
    <skipped/>
  </testcase> <!-- addCustomerAndRecurringThroughExcel -->
  <testcase name="addCustomerAndRecurringThroughExcel" time="0.000" classname="com.app.Add_Customer_And_Recurring_Order_Through_Excel">
    <skipped/>
  </testcase> <!-- addCustomerAndRecurringThroughExcel -->
  <testcase name="addCustomerAndRecurringThroughExcel" time="0.000" classname="com.app.Add_Customer_And_Recurring_Order_Through_Excel">
    <skipped/>
  </testcase> <!-- addCustomerAndRecurringThroughExcel -->
  <testcase name="addCustomerAndRecurringThroughExcel" time="0.000" classname="com.app.Add_Customer_And_Recurring_Order_Through_Excel">
    <skipped/>
  </testcase> <!-- addCustomerAndRecurringThroughExcel -->
  <testcase name="addCustomerAndRecurringThroughExcel" time="0.000" classname="com.app.Add_Customer_And_Recurring_Order_Through_Excel">
    <skipped/>
  </testcase> <!-- addCustomerAndRecurringThroughExcel -->
  <testcase name="addCustomerAndRecurringThroughExcel" time="0.000" classname="com.app.Add_Customer_And_Recurring_Order_Through_Excel">
    <skipped/>
  </testcase> <!-- addCustomerAndRecurringThroughExcel -->
  <testcase name="addCustomerAndRecurringThroughExcel" time="0.000" classname="com.app.Add_Customer_And_Recurring_Order_Through_Excel">
    <skipped/>
  </testcase> <!-- addCustomerAndRecurringThroughExcel -->
  <testcase name="addCustomerAndRecurringThroughExcel" time="0.000" classname="com.app.Add_Customer_And_Recurring_Order_Through_Excel">
    <skipped/>
  </testcase> <!-- addCustomerAndRecurringThroughExcel -->
  <testcase name="addCustomerAndRecurringThroughExcel" time="0.000" classname="com.app.Add_Customer_And_Recurring_Order_Through_Excel">
    <skipped/>
  </testcase> <!-- addCustomerAndRecurringThroughExcel -->
  <testcase name="addCustomerAndRecurringThroughExcel" time="0.000" classname="com.app.Add_Customer_And_Recurring_Order_Through_Excel">
    <skipped/>
  </testcase> <!-- addCustomerAndRecurringThroughExcel -->
  <testcase name="addCustomerAndRecurringThroughExcel" time="0.000" classname="com.app.Add_Customer_And_Recurring_Order_Through_Excel">
    <skipped/>
  </testcase> <!-- addCustomerAndRecurringThroughExcel -->
  <testcase name="addCustomerAndRecurringThroughExcel" time="0.000" classname="com.app.Add_Customer_And_Recurring_Order_Through_Excel">
    <skipped/>
  </testcase> <!-- addCustomerAndRecurringThroughExcel -->
  <testcase name="addCustomerAndRecurringThroughExcel" time="0.000" classname="com.app.Add_Customer_And_Recurring_Order_Through_Excel">
    <skipped/>
  </testcase> <!-- addCustomerAndRecurringThroughExcel -->
  <testcase name="addCustomerAndRecurringThroughExcel" time="0.000" classname="com.app.Add_Customer_And_Recurring_Order_Through_Excel">
    <skipped/>
  </testcase> <!-- addCustomerAndRecurringThroughExcel -->
  <testcase name="addCustomerAndRecurringThroughExcel" time="0.000" classname="com.app.Add_Customer_And_Recurring_Order_Through_Excel">
    <skipped/>
  </testcase> <!-- addCustomerAndRecurringThroughExcel -->
</testsuite> <!-- com.app.Add_Customer_And_Recurring_Order_Through_Excel -->
