<?xml version="1.0" encoding="UTF-8"?>
<!-- Generated by org.testng.reporters.JUnitReportReporter -->
<testsuite skipped="0" hostname="AmitPC" name="com.app.Reliance_1" tests="1" failures="0" timestamp="19 Jul 2020 07:46:51 GMT" time="70.940" errors="0">
  <testcase name="test" time="70.940" classname="com.app.Reliance_1"/>
</testsuite> <!-- com.app.Reliance_1 -->
