<?xml version="1.0" encoding="UTF-8"?>
<!-- Generated by org.testng.reporters.JUnitReportReporter -->
<testsuite skipped="5" hostname="AmitPC" name="com.app.CRUD_Delivery_Boy" tests="5" failures="0" timestamp="15 Jun 2020 09:18:42 GMT" time="0.000" errors="0">
  <testcase name="set" time="0.000" classname="com.app.CRUD_Delivery_Boy">
    <skipped/>
  </testcase> <!-- set -->
  <testcase name="login" time="0.000" classname="com.app.CRUD_Delivery_Boy">
    <skipped/>
  </testcase> <!-- login -->
  <testcase name="addDelivery" time="0.000" classname="com.app.CRUD_Delivery_Boy">
    <skipped/>
  </testcase> <!-- addDelivery -->
  <testcase name="editDelivery" time="0.000" classname="com.app.CRUD_Delivery_Boy">
    <skipped/>
  </testcase> <!-- editDelivery -->
  <testcase name="deleteDelivery" time="0.000" classname="com.app.CRUD_Delivery_Boy">
    <skipped/>
  </testcase> <!-- deleteDelivery -->
</testsuite> <!-- com.app.CRUD_Delivery_Boy -->
