<?xml version="1.0" encoding="UTF-8"?>
<!-- Generated by org.testng.reporters.JUnitReportReporter -->
<testsuite skipped="13" hostname="AmitPC" name="com.app.Add_Delivery_Boy_With_Excel" tests="13" failures="0" timestamp="15 Jun 2020 09:18:42 GMT" time="0.000" errors="0">
  <testcase name="set" time="0.000" classname="com.app.Add_Delivery_Boy_With_Excel">
    <skipped/>
  </testcase> <!-- set -->
  <testcase name="login" time="0.000" classname="com.app.Add_Delivery_Boy_With_Excel">
    <skipped/>
  </testcase> <!-- login -->
  <testcase name="navigate" time="0.000" classname="com.app.Add_Delivery_Boy_With_Excel">
    <skipped/>
  </testcase> <!-- navigate -->
  <testcase name="addDeliveryBoyThroughExcel" time="0.000" classname="com.app.Add_Delivery_Boy_With_Excel">
    <skipped/>
  </testcase> <!-- addDeliveryBoyThroughExcel -->
  <testcase name="addDeliveryBoyThroughExcel" time="0.000" classname="com.app.Add_Delivery_Boy_With_Excel">
    <skipped/>
  </testcase> <!-- addDeliveryBoyThroughExcel -->
  <testcase name="addDeliveryBoyThroughExcel" time="0.000" classname="com.app.Add_Delivery_Boy_With_Excel">
    <skipped/>
  </testcase> <!-- addDeliveryBoyThroughExcel -->
  <testcase name="addDeliveryBoyThroughExcel" time="0.000" classname="com.app.Add_Delivery_Boy_With_Excel">
    <skipped/>
  </testcase> <!-- addDeliveryBoyThroughExcel -->
  <testcase name="addDeliveryBoyThroughExcel" time="0.000" classname="com.app.Add_Delivery_Boy_With_Excel">
    <skipped/>
  </testcase> <!-- addDeliveryBoyThroughExcel -->
  <testcase name="addDeliveryBoyThroughExcel" time="0.000" classname="com.app.Add_Delivery_Boy_With_Excel">
    <skipped/>
  </testcase> <!-- addDeliveryBoyThroughExcel -->
  <testcase name="addDeliveryBoyThroughExcel" time="0.000" classname="com.app.Add_Delivery_Boy_With_Excel">
    <skipped/>
  </testcase> <!-- addDeliveryBoyThroughExcel -->
  <testcase name="addDeliveryBoyThroughExcel" time="0.000" classname="com.app.Add_Delivery_Boy_With_Excel">
    <skipped/>
  </testcase> <!-- addDeliveryBoyThroughExcel -->
  <testcase name="addDeliveryBoyThroughExcel" time="0.000" classname="com.app.Add_Delivery_Boy_With_Excel">
    <skipped/>
  </testcase> <!-- addDeliveryBoyThroughExcel -->
  <testcase name="addDeliveryBoyThroughExcel" time="0.000" classname="com.app.Add_Delivery_Boy_With_Excel">
    <skipped/>
  </testcase> <!-- addDeliveryBoyThroughExcel -->
</testsuite> <!-- com.app.Add_Delivery_Boy_With_Excel -->
