<?xml version="1.0" encoding="UTF-8"?>
<!-- Generated by org.testng.reporters.JUnitReportReporter -->
<testsuite skipped="0" hostname="AmitPC" name="com.app.GetData.Grofers_Getdata" tests="1" failures="0" timestamp="24 Jul 2020 13:41:58 GMT" time="2665.632" errors="0">
  <testcase name="test" time="2665.632" classname="com.app.GetData.Grofers_Getdata"/>
</testsuite> <!-- com.app.GetData.Grofers_Getdata -->
