<?xml version="1.0" encoding="UTF-8"?>
<!-- Generated by org.testng.reporters.JUnitReportReporter -->
<testsuite skipped="6" hostname="AmitPC" name="com.app.Test_Delivery_Boy" tests="6" failures="0" timestamp="15 Jun 2020 09:18:42 GMT" time="0.000" errors="0">
  <testcase name="set" time="0.000" classname="com.app.Test_Delivery_Boy">
    <skipped/>
  </testcase> <!-- set -->
  <testcase name="logingoogletest" time="0.000" classname="com.app.Test_Delivery_Boy">
    <skipped/>
  </testcase> <!-- logingoogletest -->
  <testcase name="addDeliverBoy" time="0.000" classname="com.app.Test_Delivery_Boy">
    <skipped/>
  </testcase> <!-- addDeliverBoy -->
  <testcase name="editDeliveryBoy" time="0.000" classname="com.app.Test_Delivery_Boy">
    <skipped/>
  </testcase> <!-- editDeliveryBoy -->
  <testcase name="verify" time="0.000" classname="com.app.Test_Delivery_Boy">
    <skipped/>
  </testcase> <!-- verify -->
  <testcase name="deleteDeliveryBoy" time="0.000" classname="com.app.Test_Delivery_Boy">
    <skipped/>
  </testcase> <!-- deleteDeliveryBoy -->
</testsuite> <!-- com.app.Test_Delivery_Boy -->
