<?xml version="1.0" encoding="UTF-8"?>
<!-- Generated by org.testng.reporters.JUnitReportReporter -->
<testsuite skipped="4" hostname="AmitPC" name="com.app.Demo_Scan_Bill_Payment_External_Test5" tests="4" failures="0" timestamp="15 Jun 2020 09:18:42 GMT" time="0.000" errors="0">
  <testcase name="login" time="0.000" classname="com.app.Demo_Scan_Bill_Payment_External_Test5">
    <skipped/>
  </testcase> <!-- login -->
  <testcase name="scanbarcode" time="0.000" classname="com.app.Demo_Scan_Bill_Payment_External_Test5">
    <skipped/>
  </testcase> <!-- scanbarcode -->
  <testcase name="generatebill" time="0.000" classname="com.app.Demo_Scan_Bill_Payment_External_Test5">
    <skipped/>
  </testcase> <!-- generatebill -->
  <testcase name="verifyoutstandingAmt" time="0.000" classname="com.app.Demo_Scan_Bill_Payment_External_Test5">
    <skipped/>
  </testcase> <!-- verifyoutstandingAmt -->
</testsuite> <!-- com.app.Demo_Scan_Bill_Payment_External_Test5 -->
