<?xml version="1.0" encoding="UTF-8"?>
<!-- Generated by org.testng.reporters.JUnitReportReporter -->
<testsuite skipped="3" hostname="AmitPC" name="com.app.Test_Recurring_Order_Place" tests="3" failures="0" timestamp="15 Jun 2020 09:18:42 GMT" time="0.008" errors="0">
  <testcase name="set" time="0.008" classname="com.app.Test_Recurring_Order_Place">
    <skipped/>
  </testcase> <!-- set -->
  <testcase name="login" time="0.000" classname="com.app.Test_Recurring_Order_Place">
    <skipped/>
  </testcase> <!-- login -->
  <testcase name="placeRecurring" time="0.000" classname="com.app.Test_Recurring_Order_Place">
    <skipped/>
  </testcase> <!-- placeRecurring -->
</testsuite> <!-- com.app.Test_Recurring_Order_Place -->
