<?xml version="1.0" encoding="UTF-8"?>
<!-- Generated by org.testng.reporters.JUnitReportReporter -->
<testsuite skipped="19" hostname="AmitPC" name="com.app.Scan_With_Excel" tests="19" failures="0" timestamp="15 Jun 2020 09:18:42 GMT" time="0.000" errors="0">
  <testcase name="set" time="0.000" classname="com.app.Scan_With_Excel">
    <skipped/>
  </testcase> <!-- set -->
  <testcase name="login" time="0.000" classname="com.app.Scan_With_Excel">
    <skipped/>
  </testcase> <!-- login -->
  <testcase name="excel1" time="0.000" classname="com.app.Scan_With_Excel">
    <skipped/>
  </testcase> <!-- excel1 -->
  <testcase name="excel1" time="0.000" classname="com.app.Scan_With_Excel">
    <skipped/>
  </testcase> <!-- excel1 -->
  <testcase name="excel1" time="0.000" classname="com.app.Scan_With_Excel">
    <skipped/>
  </testcase> <!-- excel1 -->
  <testcase name="excel1" time="0.000" classname="com.app.Scan_With_Excel">
    <skipped/>
  </testcase> <!-- excel1 -->
  <testcase name="excel1" time="0.000" classname="com.app.Scan_With_Excel">
    <skipped/>
  </testcase> <!-- excel1 -->
  <testcase name="excel1" time="0.000" classname="com.app.Scan_With_Excel">
    <skipped/>
  </testcase> <!-- excel1 -->
  <testcase name="excel1" time="0.000" classname="com.app.Scan_With_Excel">
    <skipped/>
  </testcase> <!-- excel1 -->
  <testcase name="excel1" time="0.000" classname="com.app.Scan_With_Excel">
    <skipped/>
  </testcase> <!-- excel1 -->
  <testcase name="excel1" time="0.000" classname="com.app.Scan_With_Excel">
    <skipped/>
  </testcase> <!-- excel1 -->
  <testcase name="excel1" time="0.000" classname="com.app.Scan_With_Excel">
    <skipped/>
  </testcase> <!-- excel1 -->
  <testcase name="excel1" time="0.000" classname="com.app.Scan_With_Excel">
    <skipped/>
  </testcase> <!-- excel1 -->
  <testcase name="excel1" time="0.000" classname="com.app.Scan_With_Excel">
    <skipped/>
  </testcase> <!-- excel1 -->
  <testcase name="excel1" time="0.000" classname="com.app.Scan_With_Excel">
    <skipped/>
  </testcase> <!-- excel1 -->
  <testcase name="excel1" time="0.000" classname="com.app.Scan_With_Excel">
    <skipped/>
  </testcase> <!-- excel1 -->
  <testcase name="excel1" time="0.000" classname="com.app.Scan_With_Excel">
    <skipped/>
  </testcase> <!-- excel1 -->
  <testcase name="excel1" time="0.000" classname="com.app.Scan_With_Excel">
    <skipped/>
  </testcase> <!-- excel1 -->
  <testcase name="excel1" time="0.000" classname="com.app.Scan_With_Excel">
    <skipped/>
  </testcase> <!-- excel1 -->
</testsuite> <!-- com.app.Scan_With_Excel -->
