<?xml version="1.0" encoding="UTF-8"?>
<!-- Generated by org.testng.reporters.JUnitReportReporter -->
<testsuite skipped="0" hostname="AmitPc" name="com.app.Demo_Scan_Bill_Payment" tests="2" failures="0" timestamp="10 Jan 2020 12:18:14 GMT" time="21.767" errors="0">
  <testcase name="login" time="6.893" classname="com.app.Demo_Scan_Bill_Payment"/>
  <testcase name="testgenerateandprint" time="14.874" classname="com.app.Demo_Scan_Bill_Payment"/>
</testsuite> <!-- com.app.Demo_Scan_Bill_Payment -->
