<?xml version="1.0" encoding="UTF-8"?>
<!-- Generated by org.testng.reporters.JUnitReportReporter -->
<testsuite skipped="0" hostname="AmitPC" name="com.app.Demo_Fast_Scanning_Of_Barcode" tests="7" failures="0" timestamp="06 Aug 2020 08:19:46 GMT" time="350.608" errors="0">
  <testcase name="set" time="21.485" classname="com.app.Demo_Fast_Scanning_Of_Barcode"/>
  <testcase name="login" time="42.331" classname="com.app.Demo_Fast_Scanning_Of_Barcode"/>
  <testcase name="excel1fastscan" time="57.788" classname="com.app.Demo_Fast_Scanning_Of_Barcode"/>
  <testcase name="excel1fastscan" time="57.344" classname="com.app.Demo_Fast_Scanning_Of_Barcode"/>
  <testcase name="excel1fastscan" time="57.166" classname="com.app.Demo_Fast_Scanning_Of_Barcode"/>
  <testcase name="excel1fastscan" time="57.311" classname="com.app.Demo_Fast_Scanning_Of_Barcode"/>
  <testcase name="excel1fastscan" time="57.183" classname="com.app.Demo_Fast_Scanning_Of_Barcode"/>
</testsuite> <!-- com.app.Demo_Fast_Scanning_Of_Barcode -->
