<?xml version="1.0" encoding="UTF-8"?>
<!-- Generated by org.testng.reporters.JUnitReportReporter -->
<testsuite skipped="3" hostname="AmitPC" name="com.app.Test_Product" tests="3" failures="0" timestamp="15 Jun 2020 09:18:42 GMT" time="0.000" errors="0">
  <testcase name="logingoogletest" time="0.000" classname="com.app.Test_Product">
    <skipped/>
  </testcase> <!-- logingoogletest -->
  <testcase name="deliveryboyCRUD" time="0.000" classname="com.app.Test_Product">
    <skipped/>
  </testcase> <!-- deliveryboyCRUD -->
  <testcase name="stockCRUD" time="0.000" classname="com.app.Test_Product">
    <skipped/>
  </testcase> <!-- stockCRUD -->
</testsuite> <!-- com.app.Test_Product -->
