<?xml version="1.0" encoding="UTF-8"?>
<!-- Generated by org.testng.reporters.JUnitReportReporter -->
<testsuite skipped="3" hostname="AmitPC" name="com.app.TestCustomer" tests="3" failures="0" timestamp="15 Jun 2020 09:18:42 GMT" time="0.000" errors="0">
  <testcase name="set" time="0.000" classname="com.app.TestCustomer">
    <skipped/>
  </testcase> <!-- set -->
  <testcase name="login" time="0.000" classname="com.app.TestCustomer">
    <skipped/>
  </testcase> <!-- login -->
  <testcase name="verifyErrorMsg" time="0.000" classname="com.app.TestCustomer">
    <skipped/>
  </testcase> <!-- verifyErrorMsg -->
</testsuite> <!-- com.app.TestCustomer -->
