<?xml version="1.0" encoding="UTF-8"?>
<!-- Generated by org.testng.reporters.JUnitReportReporter -->
<testsuite skipped="5" hostname="AmitPC" name="com.app.CRUD_Product" tests="5" failures="0" timestamp="15 Jun 2020 09:18:42 GMT" time="0.000" errors="0">
  <testcase name="set" time="0.000" classname="com.app.CRUD_Product">
    <skipped/>
  </testcase> <!-- set -->
  <testcase name="login" time="0.000" classname="com.app.CRUD_Product">
    <skipped/>
  </testcase> <!-- login -->
  <testcase name="addProduct" time="0.000" classname="com.app.CRUD_Product">
    <skipped/>
  </testcase> <!-- addProduct -->
  <testcase name="editProduct" time="0.000" classname="com.app.CRUD_Product">
    <skipped/>
  </testcase> <!-- editProduct -->
  <testcase name="deleteProduct" time="0.000" classname="com.app.CRUD_Product">
    <skipped/>
  </testcase> <!-- deleteProduct -->
</testsuite> <!-- com.app.CRUD_Product -->
