<?xml version="1.0" encoding="UTF-8"?>
<!-- Generated by org.testng.reporters.JUnitReportReporter -->
<testsuite skipped="2" hostname="AmitPC" name="com.app.DemoDelivery_Group" tests="2" failures="0" timestamp="15 Jun 2020 09:18:42 GMT" time="0.001" errors="0">
  <testcase name="login" time="0.000" classname="com.app.DemoDelivery_Group">
    <skipped/>
  </testcase> <!-- login -->
  <testcase name="deliverygroup" time="0.001" classname="com.app.DemoDelivery_Group">
    <skipped/>
  </testcase> <!-- deliverygroup -->
</testsuite> <!-- com.app.DemoDelivery_Group -->
