<?xml version="1.0" encoding="UTF-8"?>
<!-- Generated by org.testng.reporters.JUnitReportReporter -->
<testsuite skipped="3" hostname="AmitPC" name="com.app.DemoCollectionReport" tests="3" failures="0" timestamp="15 Jun 2020 09:18:42 GMT" time="0.000" errors="0">
  <testcase name="login" time="0.000" classname="com.app.DemoCollectionReport">
    <skipped/>
  </testcase> <!-- login -->
  <testcase name="verifyamtcustomerwise" time="0.000" classname="com.app.DemoCollectionReport">
    <skipped/>
  </testcase> <!-- verifyamtcustomerwise -->
  <testcase name="verifytotalamtincollectionreport" time="0.000" classname="com.app.DemoCollectionReport">
    <skipped/>
  </testcase> <!-- verifytotalamtincollectionreport -->
</testsuite> <!-- com.app.DemoCollectionReport -->
