<?xml version="1.0" encoding="UTF-8"?>
<!-- Generated by org.testng.reporters.JUnitReportReporter -->
<testsuite skipped="0" hostname="AmitPC" name="com.app.GetBigBasketData" tests="1" failures="0" timestamp="22 Jul 2020 06:05:52 GMT" time="3151.430" errors="0">
  <testcase name="test" time="3151.430" classname="com.app.GetBigBasketData"/>
</testsuite> <!-- com.app.GetBigBasketData -->
