<?xml version="1.0" encoding="UTF-8"?>
<!-- Generated by org.testng.reporters.JUnitReportReporter -->
<testsuite skipped="0" hostname="AmitPC" name="com.app.test.LoginTest_2" tests="2" failures="0" timestamp="07 Jan 2021 17:16:52 GMT" time="32.519" errors="0">
  <testcase name="set" time="31.246" classname="com.app.test.LoginTest_2"/>
  <testcase name="clos" time="1.273" classname="com.app.test.LoginTest_2"/>
</testsuite> <!-- com.app.test.LoginTest_2 -->
