<?xml version="1.0" encoding="UTF-8"?>
<!-- Generated by org.testng.reporters.JUnitReportReporter -->
<testsuite skipped="2" hostname="AmitPC" name="com.app.Demo_Config_Pro" tests="2" failures="0" timestamp="15 Jun 2020 09:18:42 GMT" time="0.000" errors="0">
  <testcase name="login" time="0.000" classname="com.app.Demo_Config_Pro">
    <skipped/>
  </testcase> <!-- login -->
  <testcase name="verifyproductqty" time="0.000" classname="com.app.Demo_Config_Pro">
    <skipped/>
  </testcase> <!-- verifyproductqty -->
</testsuite> <!-- com.app.Demo_Config_Pro -->
