<?xml version="1.0" encoding="UTF-8"?>
<!-- Generated by org.testng.reporters.JUnitReportReporter -->
<testsuite skipped="0" hostname="AmitPC" name="com.app.TestNG_XML_Ex" tests="4" failures="0" timestamp="07 Jan 2021 18:16:34 GMT" time="0.023" errors="0">
  <testcase name="add" time="0.015" classname="com.app.TestNG_XML_Ex"/>
  <testcase name="print" time="0.005" classname="com.app.TestNG_XML_Ex"/>
  <testcase name="details" time="0.002" classname="com.app.TestNG_XML_Ex"/>
  <testcase name="show" time="0.001" classname="com.app.TestNG_XML_Ex"/>
</testsuite> <!-- com.app.TestNG_XML_Ex -->
