<?xml version="1.0" encoding="UTF-8"?>
<!-- Generated by org.testng.reporters.JUnitReportReporter -->
<testsuite skipped="4" hostname="AmitPC" name="com.app.demoBilling" tests="4" failures="0" timestamp="15 Jun 2020 09:18:42 GMT" time="0.000" errors="0">
  <testcase name="billing" time="0.000" classname="com.app.demoBilling">
    <skipped/>
  </testcase> <!-- billing -->
  <testcase name="verifyoutstandingamt" time="0.000" classname="com.app.demoBilling">
    <skipped/>
  </testcase> <!-- verifyoutstandingamt -->
  <testcase name="verifyBalAmtOnPaymentAndOutstanding" time="0.000" classname="com.app.demoBilling">
    <skipped/>
  </testcase> <!-- verifyBalAmtOnPaymentAndOutstanding -->
  <testcase name="editprofile" time="0.000" classname="com.app.demoBilling">
    <skipped/>
  </testcase> <!-- editprofile -->
</testsuite> <!-- com.app.demoBilling -->
